BEGIN 3:ltsm_rdi_if:fast__2:work
    o_pl_clk_req :  1:LTSM_top:fast:work
    o_pl_nferror :  1:LTSM_top:fast:work
    o_pl_state_sts :  1:LTSM_top:fast:work
    o_pl_max_speedmode :  1:LTSM_top:fast:work
    i_lp_clk_ack :  1:LTSM_top:fast:work
    o_pl_stallreq :  1:LTSM_top:fast:work
    o_pl_cerror :  1:LTSM_top:fast:work
    o_pl_lnk_cfg :  1:LTSM_top:fast:work
    i_lp_stallack :  1:LTSM_top:fast:work
    o_pl_speedmode :  1:LTSM_top:fast:work
    o_pl_phyinrecenter :  1:LTSM_top:fast:work
    o_pl_trainerror :  1:LTSM_top:fast:work
    i_lp_linkerror :  1:LTSM_top:fast:work
    o_pl_wake_ack :  1:LTSM_top:fast:work
    i_lp_state_req :  1:LTSM_top:fast:work
    o_pl_inband_pres :  1:LTSM_top:fast:work
    o_pl_error :  1:LTSM_top:fast:work
    i_reset :  1:LTSM_top:fast:work
    i_lp_wake_req :  1:LTSM_top:fast:work
END 
BEGIN 3:RX_FSM_SB:fast__2:work
    i_sb_rx_rsp :  1:LTSM_top:fast:work
    i_rx_data :  1:LTSM_top:fast:work
    o_rx_sb_req :  1:LTSM_top:fast:work
    i_sb_rx_req :  1:LTSM_top:fast:work
    o_rx_sb_done :  1:LTSM_top:fast:work
    i_reset :  1:LTSM_top:fast:work
    i_rx_decoding :  1:LTSM_top:fast:work
    i_sb_rx_done :  1:LTSM_top:fast:work
    o_rx_data :  1:LTSM_top:fast:work
    o_rx_encoding :  1:LTSM_top:fast:work
    i_rx_info :  1:LTSM_top:fast:work
    o_rx_info :  1:LTSM_top:fast:work
    o_rx_sb_rsp :  1:LTSM_top:fast:work
END 
BEGIN 3:TX_FSM_SB:fast__2:work
    i_sb_tx_req :  1:LTSM_top:fast:work
    i_tx_info :  1:LTSM_top:fast:work
    i_sb_tx_done :  1:LTSM_top:fast:work
    o_tx_info :  1:LTSM_top:fast:work
    o_tx_sb_rsp :  1:LTSM_top:fast:work
    i_tx_decoding :  1:LTSM_top:fast:work
    o_tx_data :  1:LTSM_top:fast:work
    i_sb_tx_rsp :  1:LTSM_top:fast:work
    o_tx_sb_req :  1:LTSM_top:fast:work
    o_tx_encoding :  1:LTSM_top:fast:work
    i_reset :  1:LTSM_top:fast:work
    o_tx_sb_done :  1:LTSM_top:fast:work
    i_tx_data :  1:LTSM_top:fast:work
END 
BEGIN 3:LTSM_controllers_if:fast__2:work
    i_rx_data_results :  1:LTSM_top:fast:work
    i_Runtime_Link_Test_status_register :  1:LTSM_top:fast:work
    i_rx_error :  1:LTSM_top:fast:work
    i_sb_ready :  1:LTSM_top:fast:work
    i_reset :  1:LTSM_top:fast:work
    o_Runtime_Link_Test_Control_register :  1:LTSM_top:fast:work
    i_rx_valid_results :  1:LTSM_top:fast:work
    o_tx_encoding :  1:LTSM_top:fast:work
    o_lane_map_rx :  1:LTSM_top:fast:work
    i_speedreg :  1:LTSM_top:fast:work
    i_pll_stable :  1:LTSM_top:fast:work
    o_speedreg :  1:LTSM_top:fast:work
    o_sbinit_start :  1:LTSM_top:fast:work
    i_Runtime_Link_Test_Control_register :  1:LTSM_top:fast:work
    i_tx_done :  1:LTSM_top:fast:work
    o_lane_map_tx :  1:LTSM_top:fast:work
    i_supply_stable :  1:LTSM_top:fast:work
    i_clk_results :  1:LTSM_top:fast:work
    i_clk :  1:LTSM_top:fast:work
    o_Runtime_Link_Test_status_register :  1:LTSM_top:fast:work
    i_rx_done :  1:LTSM_top:fast:work
    o_rx_encoding :  1:LTSM_top:fast:work
    i_sb_cur_msg_done :  1:LTSM_top:fast:work
END 
