QuestaSim-64 vlog 2024.1 Compiler 2024.02 Feb  1 2024
Start time: 19:27:50 on May 02,2026
vlog -reportprogress 300 -f rtl_files.f -mfcu "+cover" "+define+SIM" -l compile.log 
-- Compiling module ucie_LTSM
-- Compiling module ucie_ltsm_active
-- Compiling module ucie_ltsm_active_fsm
-- Compiling module ucie_ltsm_init_fsm
-- Compiling module ucie_ltsm_linkinit_rx
-- Compiling module ucie_ltsm_linkinit_tx
-- Compiling module ucie_LTSM_rx_L1
-- Compiling module ucie_ltsm_rx_mbinit_cal
-- Compiling module ucie_ltsm_rx_mbinit_param
-- Compiling module ucie_ltsm_rx_mbinit_repairclk
-- Compiling module ucie_ltsm_rx_mbinit_repairmb
-- Compiling module ucie_ltsm_rx_mbinit_repairval
-- Compiling module ucie_ltsm_rx_mbinit_reversal
-- Compiling module ucie_LTSM_RX_MBTRAIN
-- Compiling module ucie_LTSM_RX_MBTRAIN_TB
-- Compiling module ucie_LTSM_RX_phyretrain
-- Compiling module ucie_ltsm_rx_reset
-- Compiling module ucie_ltsm_rx_sbinit
-- Compiling module ucie_ltsm_rx_trainerror
-- Compiling module ucie_LTSM_tb
-- Compiling module ucie_LTSM_TX_L1
-- Compiling module ucie_ltsm_tx_mbinit_cal
-- Compiling module ucie_ltsm_tx_mbinit_param
-- Compiling module ucie_ltsm_tx_mbinit_repairclk
-- Compiling module ucie_ltsm_tx_mbinit_repairmb
-- Compiling module ucie_ltsm_tx_mbinit_repairval
-- Compiling module ucie_ltsm_tx_mbinit_reversal
-- Compiling module ucie_LTSM_TX_MBTRAIN
-- Compiling module ucie_LTSM_TX_MBTRAIN_TB
-- Compiling module ucie_LTSM_TX_phyretrain
-- Compiling module ucie_ltsm_tx_reset
-- Compiling module ucie_ltsm_tx_sbinit
-- Compiling module ucie_ltsm_tx_trainerror
-- Compiling module ucie_Register_File
-- Compiling module ucie_RX_Data_to_Clock_eye_sweep
** Warning: ../rtl/ucie_RX_Data_to_Clock_eye_sweep.sv(210): (vlog-2121) Illegal concatenation of an unsized constant. Will treat it as a 32-bit value.
** Warning: ../rtl/ucie_RX_Data_to_Clock_eye_sweep.sv(321): (vlog-2121) Illegal concatenation of an unsized constant. Will treat it as a 32-bit value.
-- Compiling module ucie_RX_Data_to_Clock_eye_sweep_TB
-- Compiling module ucie_timeout_timer
-- Compiling module ucie_TX_Data_to_Clock_eye_sweep
-- Compiling module ucie_TX_Data_to_Clock_eye_sweep_TB
-- Compiling module LTSM_top
-- Importing package mtiUvm.uvm_pkg (uvm-1.1d Built-in)
-- Importing package LTSM_pkg
-- Importing package shared_ltsm_pkg
** Note: (vlog-2286) ../tb/top.sv(21): Using implicit +incdir+C:/questasim64_2024.1/uvm-1.1d/../verilog_src/uvm-1.1d/src from import uvm_pkg

Top level modules:
	ucie_LTSM_RX_MBTRAIN_TB
	ucie_LTSM_tb
	ucie_LTSM_TX_MBTRAIN_TB
	ucie_Register_File
	ucie_RX_Data_to_Clock_eye_sweep_TB
	ucie_TX_Data_to_Clock_eye_sweep_TB
	LTSM_top
End time: 19:27:51 on May 02,2026, Elapsed time: 0:00:01
Errors: 0, Warnings: 2
